[debug] ----------------------------------------------------------------------
[debug] Command:      /usr/local/bin/node /usr/local/bin/firebase deploy
[debug] CLI Version:  3.2.3
[debug] Platform:     darwin
[debug] Node Version: v6.9.1
[debug] Time:         Tue Feb 14 2017 17:51:09 GMT+0000 (GMT)
[debug] ----------------------------------------------------------------------
[debug] 
[debug] > command requires scopes: ["email","openid","https://www.googleapis.com/auth/cloudplatformprojects.readonly","https://www.googleapis.com/auth/firebase"]
[debug] >>> HTTP REQUEST GET https://admin.firebase.com/v1/projects/yuarte-4cb0d  
 Tue Feb 14 2017 17:51:09 GMT+0000 (GMT)
[debug] <<< HTTP RESPONSE 200
[debug] >>> HTTP REQUEST GET https://admin.firebase.com/v1/database/yuarte-4cb0d/tokens  
 Tue Feb 14 2017 17:51:10 GMT+0000 (GMT)
[debug] <<< HTTP RESPONSE 200
[info] 
[info] === Deploying to 'yuarte-4cb0d'...
[info] 
[info] i  deploying database, hosting
[info] ✔  database: rules ready to deploy.
[info] i  hosting: preparing dist directory for upload...
[debug] >>> HTTP REQUEST PUT https://deploy.firebase.com/v1/hosting/yuarte-4cb0d/uploads/-KcxjyrOfePgWRpOUeFp?fileCount=229&message=  
 Tue Feb 14 2017 17:51:21 GMT+0000 (GMT)
